<?xml version="1.0" encoding="UTF-8"?>
<testsuite xmlns:xsi="http://www.w3.org/2001/XMLSchema-instance" xsi:noNamespaceSchemaLocation="https://maven.apache.org/surefire/maven-surefire-plugin/xsd/surefire-test-report-3.0.xsd" version="3.0" name="com.agoda.runner.MyTestRunner" time="28.933" tests="15" errors="0" skipped="0" failures="0">
  <properties>
[...]
</properties>
  <testcase name="User calls GetQuotes with tag query param multiple values(AND) #1" classname="Verify Get Quotes API" time="5.507"/>
  <testcase name="User calls GetQuotes with tag query param multiple values(AND) #2" classname="Verify Get Quotes API" time="1.483"/>
  <testcase name="User calls GetQuotes with tag query param multiple values (OR)" classname="Verify Get Quotes API" time="1.415"/>
  <testcase name="User calls GetQuotes with author query param #1" classname="Verify Get Quotes API" time="1.79"/>
  <testcase name="User calls GetQuotes with author query param #2" classname="Verify Get Quotes API" time="1.468"/>
  <testcase name="User calls GetQuotes with page query param #1" classname="Verify Get Quotes API" time="1.439"/>
  <testcase name="User calls GetQuotes with page query param #2" classname="Verify Get Quotes API" time="1.444"/>
  <testcase name="User calls GetQuotes with page query param #3" classname="Verify Get Quotes API" time="1.478"/>
  <testcase name="User calls GetQuotes with tag&amp;author query param" classname="Verify Get Quotes API" time="1.389"/>
  <testcase name="User calls GetQuotes with page&amp;author query param #1" classname="Verify Get Quotes API" time="1.483"/>
  <testcase name="User calls GetQuotes with page&amp;author query param #2" classname="Verify Get Quotes API" time="1.421"/>
  <testcase name="User calls GetQuotes with page&amp;tag query param #1" classname="Verify Get Quotes API" time="1.506"/>
  <testcase name="User calls GetQuotes with page&amp;tag query param #2" classname="Verify Get Quotes API" time="1.37"/>
  <testcase name="User calls GetQuotes with page , tag &amp; author query param" classname="Verify Get Quotes API" time="1.467"/>
  <testcase name="User calls GetQuotes with incorrect endpoint" classname="Verify Get Quotes API" time="2.389"/>
</testsuite>